<?xml version="1.0" encoding="UTF-8"?>
<testsuite xmlns:xsi="http://www.w3.org/2001/XMLSchema-instance" xsi:noNamespaceSchemaLocation="https://maven.apache.org/surefire/maven-surefire-plugin/xsd/surefire-test-report-3.0.xsd" version="3.0" name="featureDefinitions.TestRunner" time="160.118" tests="10" errors="4" skipped="0" failures="0">
  <properties>
    <property name="sun.desktop" value="windows"/>
    <property name="awt.toolkit" value="sun.awt.windows.WToolkit"/>
    <property name="file.encoding.pkg" value="sun.io"/>
    <property name="java.specification.version" value="1.8"/>
    <property name="webdriver.chrome.driver" value="C:\Users\ahmad\Documents\Automation Testing Program\Phase 2\ChromeDriver ver 97\chromedriver_win32 97version\chromedriver.exe"/>
    <property name="sun.cpu.isalist" value="amd64"/>
    <property name="sun.jnu.encoding" value="Cp1252"/>
    <property name="java.class.path" value="C:\Users\ahmad\eclipse-workspace\SwiggyAutomationPhase2Project\target\test-classes;C:\Users\ahmad\eclipse-workspace\SwiggyAutomationPhase2Project\target\classes;C:\WINDOWS\system32\config\systemprofile\.m2\repository\org\junit\vintage\junit-vintage-engine\5.7.0\junit-vintage-engine-5.7.0.jar;C:\WINDOWS\system32\config\systemprofile\.m2\repository\org\apiguardian\apiguardian-api\1.1.0\apiguardian-api-1.1.0.jar;C:\WINDOWS\system32\config\systemprofile\.m2\repository\org\junit\platform\junit-platform-engine\1.7.0\junit-platform-engine-1.7.0.jar;C:\WINDOWS\system32\config\systemprofile\.m2\repository\org\opentest4j\opentest4j\1.2.0\opentest4j-1.2.0.jar;C:\WINDOWS\system32\config\systemprofile\.m2\repository\org\junit\platform\junit-platform-commons\1.7.0\junit-platform-commons-1.7.0.jar;C:\WINDOWS\system32\config\systemprofile\.m2\repository\junit\junit\4.13\junit-4.13.jar;C:\WINDOWS\system32\config\systemprofile\.m2\repository\org\hamcrest\hamcrest-core\1.3\hamcrest-core-1.3.jar;C:\WINDOWS\system32\config\systemprofile\.m2\repository\org\testng\testng\7.4.0\testng-7.4.0.jar;C:\WINDOWS\system32\config\systemprofile\.m2\repository\com\beust\jcommander\1.78\jcommander-1.78.jar;C:\WINDOWS\system32\config\systemprofile\.m2\repository\org\webjars\jquery\3.5.1\jquery-3.5.1.jar;C:\WINDOWS\system32\config\systemprofile\.m2\repository\org\seleniumhq\selenium\selenium-java\3.141.59\selenium-java-3.141.59.jar;C:\WINDOWS\system32\config\systemprofile\.m2\repository\org\seleniumhq\selenium\selenium-api\3.141.59\selenium-api-3.141.59.jar;C:\WINDOWS\system32\config\systemprofile\.m2\repository\org\seleniumhq\selenium\selenium-chrome-driver\3.141.59\selenium-chrome-driver-3.141.59.jar;C:\WINDOWS\system32\config\systemprofile\.m2\repository\org\seleniumhq\selenium\selenium-edge-driver\3.141.59\selenium-edge-driver-3.141.59.jar;C:\WINDOWS\system32\config\systemprofile\.m2\repository\org\seleniumhq\selenium\selenium-firefox-driver\3.141.59\selenium-firefox-driver-3.141.59.jar;C:\WINDOWS\system32\config\systemprofile\.m2\repository\org\seleniumhq\selenium\selenium-ie-driver\3.141.59\selenium-ie-driver-3.141.59.jar;C:\WINDOWS\system32\config\systemprofile\.m2\repository\org\seleniumhq\selenium\selenium-opera-driver\3.141.59\selenium-opera-driver-3.141.59.jar;C:\WINDOWS\system32\config\systemprofile\.m2\repository\org\seleniumhq\selenium\selenium-remote-driver\3.141.59\selenium-remote-driver-3.141.59.jar;C:\WINDOWS\system32\config\systemprofile\.m2\repository\org\seleniumhq\selenium\selenium-safari-driver\3.141.59\selenium-safari-driver-3.141.59.jar;C:\WINDOWS\system32\config\systemprofile\.m2\repository\org\seleniumhq\selenium\selenium-support\3.141.59\selenium-support-3.141.59.jar;C:\WINDOWS\system32\config\systemprofile\.m2\repository\net\bytebuddy\byte-buddy\1.8.15\byte-buddy-1.8.15.jar;C:\WINDOWS\system32\config\systemprofile\.m2\repository\org\apache\commons\commons-exec\1.3\commons-exec-1.3.jar;C:\WINDOWS\system32\config\systemprofile\.m2\repository\com\google\guava\guava\25.0-jre\guava-25.0-jre.jar;C:\WINDOWS\system32\config\systemprofile\.m2\repository\com\google\code\findbugs\jsr305\1.3.9\jsr305-1.3.9.jar;C:\WINDOWS\system32\config\systemprofile\.m2\repository\org\checkerframework\checker-compat-qual\2.0.0\checker-compat-qual-2.0.0.jar;C:\WINDOWS\system32\config\systemprofile\.m2\repository\com\google\errorprone\error_prone_annotations\2.1.3\error_prone_annotations-2.1.3.jar;C:\WINDOWS\system32\config\systemprofile\.m2\repository\com\google\j2objc\j2objc-annotations\1.1\j2objc-annotations-1.1.jar;C:\WINDOWS\system32\config\systemprofile\.m2\repository\org\codehaus\mojo\animal-sniffer-annotations\1.14\animal-sniffer-annotations-1.14.jar;C:\WINDOWS\system32\config\systemprofile\.m2\repository\com\squareup\okhttp3\okhttp\3.11.0\okhttp-3.11.0.jar;C:\WINDOWS\system32\config\systemprofile\.m2\repository\com\squareup\okio\okio\1.14.0\okio-1.14.0.jar;C:\WINDOWS\system32\config\systemprofile\.m2\repository\tech\grasshopper\extentreports-cucumber6-adapter\2.8.2\extentreports-cucumber6-adapter-2.8.2.jar;C:\WINDOWS\system32\config\systemprofile\.m2\repository\tech\grasshopper\extent-pdf-report\1.7.2\extent-pdf-report-1.7.2.jar;C:\WINDOWS\system32\config\systemprofile\.m2\repository\tech\grasshopper\cucumber-pdf-report\2.2.3\cucumber-pdf-report-2.2.3.jar;C:\WINDOWS\system32\config\systemprofile\.m2\repository\org\apache\pdfbox\pdfbox\2.0.22\pdfbox-2.0.22.jar;C:\WINDOWS\system32\config\systemprofile\.m2\repository\org\apache\pdfbox\fontbox\2.0.22\fontbox-2.0.22.jar;C:\WINDOWS\system32\config\systemprofile\.m2\repository\org\knowm\xchart\xchart\3.8.0\xchart-3.8.0.jar;C:\WINDOWS\system32\config\systemprofile\.m2\repository\de\erichseifert\vectorgraphics2d\VectorGraphics2D\0.13\VectorGraphics2D-0.13.jar;C:\WINDOWS\system32\config\systemprofile\.m2\repository\de\rototor\pdfbox\graphics2d\0.30\graphics2d-0.30.jar;C:\WINDOWS\system32\config\systemprofile\.m2\repository\com\madgag\animated-gif-lib\1.4\animated-gif-lib-1.4.jar;C:\WINDOWS\system32\config\systemprofile\.m2\repository\org\yaml\snakeyaml\1.28\snakeyaml-1.28.jar;C:\WINDOWS\system32\config\systemprofile\.m2\repository\tech\grasshopper\table-layout\1.2.0\table-layout-1.2.0.jar;C:\WINDOWS\system32\config\systemprofile\.m2\repository\org\jsoup\jsoup\1.13.1\jsoup-1.13.1.jar;C:\WINDOWS\system32\config\systemprofile\.m2\repository\com\aventstack\klov-reporter\5.0.6\klov-reporter-5.0.6.jar;C:\WINDOWS\system32\config\systemprofile\.m2\repository\org\mongodb\bson\3.6.4\bson-3.6.4.jar;C:\WINDOWS\system32\config\systemprofile\.m2\repository\org\apache\httpcomponents\httpclient\4.5.2\httpclient-4.5.2.jar;C:\WINDOWS\system32\config\systemprofile\.m2\repository\org\apache\httpcomponents\httpcore\4.4.4\httpcore-4.4.4.jar;C:\WINDOWS\system32\config\systemprofile\.m2\repository\commons-logging\commons-logging\1.2\commons-logging-1.2.jar;C:\WINDOWS\system32\config\systemprofile\.m2\repository\commons-codec\commons-codec\1.9\commons-codec-1.9.jar;C:\WINDOWS\system32\config\systemprofile\.m2\repository\org\apache\httpcomponents\httpmime\4.5.2\httpmime-4.5.2.jar;C:\WINDOWS\system32\config\systemprofile\.m2\repository\org\mongodb\mongodb-driver\3.3.0\mongodb-driver-3.3.0.jar;C:\WINDOWS\system32\config\systemprofile\.m2\repository\org\mongodb\mongodb-driver-core\3.3.0\mongodb-driver-core-3.3.0.jar;C:\WINDOWS\system32\config\systemprofile\.m2\repository\com\aventstack\extentreports\5.0.9\extentreports-5.0.9.jar;C:\WINDOWS\system32\config\systemprofile\.m2\repository\io\reactivex\rxjava3\rxjava\3.0.4\rxjava-3.0.4.jar;C:\WINDOWS\system32\config\systemprofile\.m2\repository\org\reactivestreams\reactive-streams\1.0.3\reactive-streams-1.0.3.jar;C:\WINDOWS\system32\config\systemprofile\.m2\repository\org\freemarker\freemarker\2.3.30\freemarker-2.3.30.jar;C:\WINDOWS\system32\config\systemprofile\.m2\repository\com\google\code\gson\gson\2.8.6\gson-2.8.6.jar;C:\WINDOWS\system32\config\systemprofile\.m2\repository\io\cucumber\cucumber-java\6.8.1\cucumber-java-6.8.1.jar;C:\WINDOWS\system32\config\systemprofile\.m2\repository\io\cucumber\cucumber-core\6.8.1\cucumber-core-6.8.1.jar;C:\WINDOWS\system32\config\systemprofile\.m2\repository\io\cucumber\cucumber-gherkin\6.8.1\cucumber-gherkin-6.8.1.jar;C:\WINDOWS\system32\config\systemprofile\.m2\repository\io\cucumber\cucumber-gherkin-messages\6.8.1\cucumber-gherkin-messages-6.8.1.jar;C:\WINDOWS\system32\config\systemprofile\.m2\repository\io\cucumber\tag-expressions\3.0.0\tag-expressions-3.0.0.jar;C:\WINDOWS\system32\config\systemprofile\.m2\repository\io\cucumber\cucumber-expressions\10.3.0\cucumber-expressions-10.3.0.jar;C:\WINDOWS\system32\config\systemprofile\.m2\repository\io\cucumber\datatable\3.5.0\datatable-3.5.0.jar;C:\WINDOWS\system32\config\systemprofile\.m2\repository\io\cucumber\cucumber-plugin\6.8.1\cucumber-plugin-6.8.1.jar;C:\WINDOWS\system32\config\systemprofile\.m2\repository\io\cucumber\docstring\6.8.1\docstring-6.8.1.jar;C:\WINDOWS\system32\config\systemprofile\.m2\repository\io\cucumber\html-formatter\9.0.0\html-formatter-9.0.0.jar;C:\WINDOWS\system32\config\systemprofile\.m2\repository\io\cucumber\create-meta\2.0.2\create-meta-2.0.2.jar;C:\WINDOWS\system32\config\systemprofile\.m2\repository\io\cucumber\cucumber-picocontainer\6.8.1\cucumber-picocontainer-6.8.1.jar;C:\WINDOWS\system32\config\systemprofile\.m2\repository\org\picocontainer\picocontainer\2.15\picocontainer-2.15.jar;C:\WINDOWS\system32\config\systemprofile\.m2\repository\io\cucumber\cucumber-junit\6.8.1\cucumber-junit-6.8.1.jar;C:\WINDOWS\system32\config\systemprofile\.m2\repository\io\cucumber\gherkin\15.0.2\gherkin-15.0.2.jar;C:\WINDOWS\system32\config\systemprofile\.m2\repository\io\cucumber\messages\13.2.1\messages-13.2.1.jar;C:\WINDOWS\system32\config\systemprofile\.m2\repository\org\projectlombok\lombok\1.18.22\lombok-1.18.22.jar;"/>
    <property name="java.vm.vendor" value="Oracle Corporation"/>
    <property name="sun.arch.data.model" value="64"/>
    <property name="user.variant" value=""/>
    <property name="java.vendor.url" value="http://java.oracle.com/"/>
    <property name="user.timezone" value="Asia/Calcutta"/>
    <property name="java.vm.specification.version" value="1.8"/>
    <property name="os.name" value="Windows 10"/>
    <property name="user.country" value="US"/>
    <property name="sun.java.launcher" value="SUN_STANDARD"/>
    <property name="sun.boot.library.path" value="C:\Program Files\Java\jdk1.8.0_131\jre\bin"/>
    <property name="sun.java.command" value="C:\Windows\Temp\surefire1586141500848793783\surefirebooter6106912647826006832.jar C:\Windows\Temp\surefire1586141500848793783 2022-01-15T00-09-53_810-jvmRun1 surefire4423878682677997909tmp surefire_03717346805944094914tmp"/>
    <property name="surefire.test.class.path" value="C:\Users\ahmad\eclipse-workspace\SwiggyAutomationPhase2Project\target\test-classes;C:\Users\ahmad\eclipse-workspace\SwiggyAutomationPhase2Project\target\classes;C:\WINDOWS\system32\config\systemprofile\.m2\repository\org\junit\vintage\junit-vintage-engine\5.7.0\junit-vintage-engine-5.7.0.jar;C:\WINDOWS\system32\config\systemprofile\.m2\repository\org\apiguardian\apiguardian-api\1.1.0\apiguardian-api-1.1.0.jar;C:\WINDOWS\system32\config\systemprofile\.m2\repository\org\junit\platform\junit-platform-engine\1.7.0\junit-platform-engine-1.7.0.jar;C:\WINDOWS\system32\config\systemprofile\.m2\repository\org\opentest4j\opentest4j\1.2.0\opentest4j-1.2.0.jar;C:\WINDOWS\system32\config\systemprofile\.m2\repository\org\junit\platform\junit-platform-commons\1.7.0\junit-platform-commons-1.7.0.jar;C:\WINDOWS\system32\config\systemprofile\.m2\repository\junit\junit\4.13\junit-4.13.jar;C:\WINDOWS\system32\config\systemprofile\.m2\repository\org\hamcrest\hamcrest-core\1.3\hamcrest-core-1.3.jar;C:\WINDOWS\system32\config\systemprofile\.m2\repository\org\testng\testng\7.4.0\testng-7.4.0.jar;C:\WINDOWS\system32\config\systemprofile\.m2\repository\com\beust\jcommander\1.78\jcommander-1.78.jar;C:\WINDOWS\system32\config\systemprofile\.m2\repository\org\webjars\jquery\3.5.1\jquery-3.5.1.jar;C:\WINDOWS\system32\config\systemprofile\.m2\repository\org\seleniumhq\selenium\selenium-java\3.141.59\selenium-java-3.141.59.jar;C:\WINDOWS\system32\config\systemprofile\.m2\repository\org\seleniumhq\selenium\selenium-api\3.141.59\selenium-api-3.141.59.jar;C:\WINDOWS\system32\config\systemprofile\.m2\repository\org\seleniumhq\selenium\selenium-chrome-driver\3.141.59\selenium-chrome-driver-3.141.59.jar;C:\WINDOWS\system32\config\systemprofile\.m2\repository\org\seleniumhq\selenium\selenium-edge-driver\3.141.59\selenium-edge-driver-3.141.59.jar;C:\WINDOWS\system32\config\systemprofile\.m2\repository\org\seleniumhq\selenium\selenium-firefox-driver\3.141.59\selenium-firefox-driver-3.141.59.jar;C:\WINDOWS\system32\config\systemprofile\.m2\repository\org\seleniumhq\selenium\selenium-ie-driver\3.141.59\selenium-ie-driver-3.141.59.jar;C:\WINDOWS\system32\config\systemprofile\.m2\repository\org\seleniumhq\selenium\selenium-opera-driver\3.141.59\selenium-opera-driver-3.141.59.jar;C:\WINDOWS\system32\config\systemprofile\.m2\repository\org\seleniumhq\selenium\selenium-remote-driver\3.141.59\selenium-remote-driver-3.141.59.jar;C:\WINDOWS\system32\config\systemprofile\.m2\repository\org\seleniumhq\selenium\selenium-safari-driver\3.141.59\selenium-safari-driver-3.141.59.jar;C:\WINDOWS\system32\config\systemprofile\.m2\repository\org\seleniumhq\selenium\selenium-support\3.141.59\selenium-support-3.141.59.jar;C:\WINDOWS\system32\config\systemprofile\.m2\repository\net\bytebuddy\byte-buddy\1.8.15\byte-buddy-1.8.15.jar;C:\WINDOWS\system32\config\systemprofile\.m2\repository\org\apache\commons\commons-exec\1.3\commons-exec-1.3.jar;C:\WINDOWS\system32\config\systemprofile\.m2\repository\com\google\guava\guava\25.0-jre\guava-25.0-jre.jar;C:\WINDOWS\system32\config\systemprofile\.m2\repository\com\google\code\findbugs\jsr305\1.3.9\jsr305-1.3.9.jar;C:\WINDOWS\system32\config\systemprofile\.m2\repository\org\checkerframework\checker-compat-qual\2.0.0\checker-compat-qual-2.0.0.jar;C:\WINDOWS\system32\config\systemprofile\.m2\repository\com\google\errorprone\error_prone_annotations\2.1.3\error_prone_annotations-2.1.3.jar;C:\WINDOWS\system32\config\systemprofile\.m2\repository\com\google\j2objc\j2objc-annotations\1.1\j2objc-annotations-1.1.jar;C:\WINDOWS\system32\config\systemprofile\.m2\repository\org\codehaus\mojo\animal-sniffer-annotations\1.14\animal-sniffer-annotations-1.14.jar;C:\WINDOWS\system32\config\systemprofile\.m2\repository\com\squareup\okhttp3\okhttp\3.11.0\okhttp-3.11.0.jar;C:\WINDOWS\system32\config\systemprofile\.m2\repository\com\squareup\okio\okio\1.14.0\okio-1.14.0.jar;C:\WINDOWS\system32\config\systemprofile\.m2\repository\tech\grasshopper\extentreports-cucumber6-adapter\2.8.2\extentreports-cucumber6-adapter-2.8.2.jar;C:\WINDOWS\system32\config\systemprofile\.m2\repository\tech\grasshopper\extent-pdf-report\1.7.2\extent-pdf-report-1.7.2.jar;C:\WINDOWS\system32\config\systemprofile\.m2\repository\tech\grasshopper\cucumber-pdf-report\2.2.3\cucumber-pdf-report-2.2.3.jar;C:\WINDOWS\system32\config\systemprofile\.m2\repository\org\apache\pdfbox\pdfbox\2.0.22\pdfbox-2.0.22.jar;C:\WINDOWS\system32\config\systemprofile\.m2\repository\org\apache\pdfbox\fontbox\2.0.22\fontbox-2.0.22.jar;C:\WINDOWS\system32\config\systemprofile\.m2\repository\org\knowm\xchart\xchart\3.8.0\xchart-3.8.0.jar;C:\WINDOWS\system32\config\systemprofile\.m2\repository\de\erichseifert\vectorgraphics2d\VectorGraphics2D\0.13\VectorGraphics2D-0.13.jar;C:\WINDOWS\system32\config\systemprofile\.m2\repository\de\rototor\pdfbox\graphics2d\0.30\graphics2d-0.30.jar;C:\WINDOWS\system32\config\systemprofile\.m2\repository\com\madgag\animated-gif-lib\1.4\animated-gif-lib-1.4.jar;C:\WINDOWS\system32\config\systemprofile\.m2\repository\org\yaml\snakeyaml\1.28\snakeyaml-1.28.jar;C:\WINDOWS\system32\config\systemprofile\.m2\repository\tech\grasshopper\table-layout\1.2.0\table-layout-1.2.0.jar;C:\WINDOWS\system32\config\systemprofile\.m2\repository\org\jsoup\jsoup\1.13.1\jsoup-1.13.1.jar;C:\WINDOWS\system32\config\systemprofile\.m2\repository\com\aventstack\klov-reporter\5.0.6\klov-reporter-5.0.6.jar;C:\WINDOWS\system32\config\systemprofile\.m2\repository\org\mongodb\bson\3.6.4\bson-3.6.4.jar;C:\WINDOWS\system32\config\systemprofile\.m2\repository\org\apache\httpcomponents\httpclient\4.5.2\httpclient-4.5.2.jar;C:\WINDOWS\system32\config\systemprofile\.m2\repository\org\apache\httpcomponents\httpcore\4.4.4\httpcore-4.4.4.jar;C:\WINDOWS\system32\config\systemprofile\.m2\repository\commons-logging\commons-logging\1.2\commons-logging-1.2.jar;C:\WINDOWS\system32\config\systemprofile\.m2\repository\commons-codec\commons-codec\1.9\commons-codec-1.9.jar;C:\WINDOWS\system32\config\systemprofile\.m2\repository\org\apache\httpcomponents\httpmime\4.5.2\httpmime-4.5.2.jar;C:\WINDOWS\system32\config\systemprofile\.m2\repository\org\mongodb\mongodb-driver\3.3.0\mongodb-driver-3.3.0.jar;C:\WINDOWS\system32\config\systemprofile\.m2\repository\org\mongodb\mongodb-driver-core\3.3.0\mongodb-driver-core-3.3.0.jar;C:\WINDOWS\system32\config\systemprofile\.m2\repository\com\aventstack\extentreports\5.0.9\extentreports-5.0.9.jar;C:\WINDOWS\system32\config\systemprofile\.m2\repository\io\reactivex\rxjava3\rxjava\3.0.4\rxjava-3.0.4.jar;C:\WINDOWS\system32\config\systemprofile\.m2\repository\org\reactivestreams\reactive-streams\1.0.3\reactive-streams-1.0.3.jar;C:\WINDOWS\system32\config\systemprofile\.m2\repository\org\freemarker\freemarker\2.3.30\freemarker-2.3.30.jar;C:\WINDOWS\system32\config\systemprofile\.m2\repository\com\google\code\gson\gson\2.8.6\gson-2.8.6.jar;C:\WINDOWS\system32\config\systemprofile\.m2\repository\io\cucumber\cucumber-java\6.8.1\cucumber-java-6.8.1.jar;C:\WINDOWS\system32\config\systemprofile\.m2\repository\io\cucumber\cucumber-core\6.8.1\cucumber-core-6.8.1.jar;C:\WINDOWS\system32\config\systemprofile\.m2\repository\io\cucumber\cucumber-gherkin\6.8.1\cucumber-gherkin-6.8.1.jar;C:\WINDOWS\system32\config\systemprofile\.m2\repository\io\cucumber\cucumber-gherkin-messages\6.8.1\cucumber-gherkin-messages-6.8.1.jar;C:\WINDOWS\system32\config\systemprofile\.m2\repository\io\cucumber\tag-expressions\3.0.0\tag-expressions-3.0.0.jar;C:\WINDOWS\system32\config\systemprofile\.m2\repository\io\cucumber\cucumber-expressions\10.3.0\cucumber-expressions-10.3.0.jar;C:\WINDOWS\system32\config\systemprofile\.m2\repository\io\cucumber\datatable\3.5.0\datatable-3.5.0.jar;C:\WINDOWS\system32\config\systemprofile\.m2\repository\io\cucumber\cucumber-plugin\6.8.1\cucumber-plugin-6.8.1.jar;C:\WINDOWS\system32\config\systemprofile\.m2\repository\io\cucumber\docstring\6.8.1\docstring-6.8.1.jar;C:\WINDOWS\system32\config\systemprofile\.m2\repository\io\cucumber\html-formatter\9.0.0\html-formatter-9.0.0.jar;C:\WINDOWS\system32\config\systemprofile\.m2\repository\io\cucumber\create-meta\2.0.2\create-meta-2.0.2.jar;C:\WINDOWS\system32\config\systemprofile\.m2\repository\io\cucumber\cucumber-picocontainer\6.8.1\cucumber-picocontainer-6.8.1.jar;C:\WINDOWS\system32\config\systemprofile\.m2\repository\org\picocontainer\picocontainer\2.15\picocontainer-2.15.jar;C:\WINDOWS\system32\config\systemprofile\.m2\repository\io\cucumber\cucumber-junit\6.8.1\cucumber-junit-6.8.1.jar;C:\WINDOWS\system32\config\systemprofile\.m2\repository\io\cucumber\gherkin\15.0.2\gherkin-15.0.2.jar;C:\WINDOWS\system32\config\systemprofile\.m2\repository\io\cucumber\messages\13.2.1\messages-13.2.1.jar;C:\WINDOWS\system32\config\systemprofile\.m2\repository\org\projectlombok\lombok\1.18.22\lombok-1.18.22.jar;"/>
    <property name="sun.cpu.endian" value="little"/>
    <property name="user.home" value="C:\WINDOWS\system32\config\systemprofile"/>
    <property name="user.language" value="en"/>
    <property name="java.specification.vendor" value="Oracle Corporation"/>
    <property name="java.home" value="C:\Program Files\Java\jdk1.8.0_131\jre"/>
    <property name="basedir" value="C:\Users\ahmad\eclipse-workspace\SwiggyAutomationPhase2Project"/>
    <property name="file.separator" value="\"/>
    <property name="line.separator" value="&#10;"/>
    <property name="java.vm.specification.vendor" value="Oracle Corporation"/>
    <property name="java.specification.name" value="Java Platform API Specification"/>
    <property name="java.awt.graphicsenv" value="sun.awt.Win32GraphicsEnvironment"/>
    <property name="surefire.real.class.path" value="C:\Windows\Temp\surefire1586141500848793783\surefirebooter6106912647826006832.jar"/>
    <property name="sun.boot.class.path" value="C:\Program Files\Java\jdk1.8.0_131\jre\lib\resources.jar;C:\Program Files\Java\jdk1.8.0_131\jre\lib\rt.jar;C:\Program Files\Java\jdk1.8.0_131\jre\lib\sunrsasign.jar;C:\Program Files\Java\jdk1.8.0_131\jre\lib\jsse.jar;C:\Program Files\Java\jdk1.8.0_131\jre\lib\jce.jar;C:\Program Files\Java\jdk1.8.0_131\jre\lib\charsets.jar;C:\Program Files\Java\jdk1.8.0_131\jre\lib\jfr.jar;C:\Program Files\Java\jdk1.8.0_131\jre\classes"/>
    <property name="user.script" value=""/>
    <property name="sun.management.compiler" value="HotSpot 64-Bit Tiered Compilers"/>
    <property name="java.runtime.version" value="1.8.0_131-b11"/>
    <property name="user.name" value="AHMAD-WX-3$"/>
    <property name="path.separator" value=";"/>
    <property name="os.version" value="10.0"/>
    <property name="java.endorsed.dirs" value="C:\Program Files\Java\jdk1.8.0_131\jre\lib\endorsed"/>
    <property name="java.runtime.name" value="Java(TM) SE Runtime Environment"/>
    <property name="file.encoding" value="Cp1252"/>
    <property name="java.vm.name" value="Java HotSpot(TM) 64-Bit Server VM"/>
    <property name="localRepository" value="C:\WINDOWS\system32\config\systemprofile\.m2\repository"/>
    <property name="java.vendor.url.bug" value="http://bugreport.sun.com/bugreport/"/>
    <property name="java.io.tmpdir" value="C:\WINDOWS\TEMP\"/>
    <property name="java.version" value="1.8.0_131"/>
    <property name="user.dir" value="C:\Users\ahmad\eclipse-workspace\SwiggyAutomationPhase2Project"/>
    <property name="os.arch" value="amd64"/>
    <property name="java.vm.specification.name" value="Java Virtual Machine Specification"/>
    <property name="java.awt.printerjob" value="sun.awt.windows.WPrinterJob"/>
    <property name="sun.os.patch.level" value=""/>
    <property name="java.library.path" value="C:\Program Files\Java\jdk1.8.0_131\jre\bin;C:\WINDOWS\Sun\Java\bin;C:\WINDOWS\system32;C:\WINDOWS;C:\Maven\apache-maven-3.8.4-bin\apache-maven-3.8.4/bin;C:\Program Files\Java\jdk1.8.0_131/bin;C:\Program Files\Java\jdk1.8.0_131/bin;C:\Python39\Scripts\;C:\Python39\;C:\Program Files (x86)\Common Files\Oracle\Java\javapath;C:\ProgramData\Oracle\Java\javapath;C:\WINDOWS\system32;C:\WINDOWS;C:\WINDOWS\System32\Wbem;C:\WINDOWS\System32\WindowsPowerShell\v1.0\;C:\WINDOWS\System32\OpenSSH\;C:\Program Files\Intel\WiFi\bin\;C:\Program Files\Common Files\Intel\WirelessCommon\;C:\Program Files (x86)\Sennheiser\SenncomSDK\;C:\Program Files\Git\cmd;C:\ProgramData\chocolatey\bin;C:\Users\ahmad\eclipse\chromedriver_win32;C:\Maven\apache-maven-3.8.4-bin\apache-maven-3.8.4\bin;c:\Program Files (x86)\Intel\Intel(R) Management Engine Components\DAL;c:\Program Files\Intel\Intel(R) Management Engine Components\DAL;C:\Users\ahmad\Documents\Automation Testing Program\Phase 2\ChromeDriver ver 97\chromedriver_win32 97version\;C:\WINDOWS\system32\config\systemprofile\AppData\Local\Microsoft\WindowsApps;."/>
    <property name="java.vm.info" value="mixed mode"/>
    <property name="java.vendor" value="Oracle Corporation"/>
    <property name="java.vm.version" value="25.131-b11"/>
    <property name="java.ext.dirs" value="C:\Program Files\Java\jdk1.8.0_131\jre\lib\ext;C:\WINDOWS\Sun\Java\lib\ext"/>
    <property name="sun.io.unicode.encoding" value="UnicodeLittle"/>
    <property name="java.class.version" value="52.0"/>
  </properties>
  <testcase name="Verify that user able to add single product to the cart" classname="This feature will verify the feature add-to-cart funcationality." time="23.452">
    <system-out><![CDATA[
@additemstocart @AllTest @AddSingleProduct
Scenario: Verify that user able to add single product to the cart # src/test/java/feature/Additemstothecart.feature:8
List of locations: 2
  Given User has launched the Swiggy application already          # featureDefinitions.Additemstothecart.user_has_launched_the_swiggy_application_already()
DEBUG: afterStep: ScrenShotFlag true

    Add Screenshot


    Embedding image [image/png 32491 bytes]

List of Resturants: 15
We are in finding food options, if 
Number of Food choices: 303
You are at the Demand high, condition
looking for optional
Positioned at Check Cart Value
Cart Value: 1
  When User add a product to the cart                             # featureDefinitions.Additemstothecart.user_add_a_product_to_the_cart()
DEBUG: afterStep: ScrenShotFlag true

    Add Screenshot


    Embedding image [image/png 167843 bytes]

Cart Value: 1
  Then User should able to see cart has value                     # featureDefinitions.Additemstothecart.user_should_able_to_see_cart_has_value()
DEBUG: afterStep: ScrenShotFlag true

    Add Screenshot


    Embedding image [image/png 167843 bytes]

]]></system-out>
    <system-err><![CDATA[Starting ChromeDriver 97.0.4692.71 (adefa7837d02a07a604c1e6eff0b3a09422ab88d-refs/branch-heads/4692@{#1247}) on port 10503
Only local connections are allowed.
Please see https://chromedriver.chromium.org/security-considerations for suggestions on keeping ChromeDriver safe.
ChromeDriver was started successfully.
Jan 15, 2022 12:10:14 AM org.openqa.selenium.remote.ProtocolHandshake createSession
INFO: Detected dialect: W3C
]]></system-err>
  </testcase>
  <testcase name="Verify that user able to add multiple product to the cart" classname="This feature will verify the feature add-to-cart funcationality." time="22.311">
    <system-out><![CDATA[
@additemstocart @AllTest @ChangeQuantityofProducts
Scenario Outline: Verify that user able to add multiple product to the cart # src/test/java/feature/Additemstothecart.feature:19
List of locations: 2
  Given User has launched the Swiggy application already                    # featureDefinitions.Additemstothecart.user_has_launched_the_swiggy_application_already()
DEBUG: afterStep: ScrenShotFlag true

    Add Screenshot


    Embedding image [image/png 32491 bytes]

List of Resturants: 15
We are in finding food options, if 
Number of Food choices: 303
You are at the Demand high, condition
looking for optional
Positioned at Check Cart Value
Cart Value: 1
  When User add a product to the cart                                       # featureDefinitions.Additemstothecart.user_add_a_product_to_the_cart()
DEBUG: afterStep: ScrenShotFlag true

    Add Screenshot


    Embedding image [image/png 167843 bytes]

Printing AddorRemove :::-> Add
I am in Add
  Then User clicks on plus 'Add' to increase the quantity                   # featureDefinitions.Additemstothecart.user_clicks_on_plus_to_increase_the_quantity(java.lang.String)
DEBUG: afterStep: ScrenShotFlag true

    Add Screenshot


    Embedding image [image/png 138021 bytes]

Cart Value after altering Cart value: 3
  And User should be able to see change in the quantity                     # featureDefinitions.Additemstothecart.user_should_be_able_to_see_change_in_the_quantity()
DEBUG: afterStep: ScrenShotFlag true

    Add Screenshot


    Embedding image [image/png 44079 bytes]

]]></system-out>
    <system-err><![CDATA[Starting ChromeDriver 97.0.4692.71 (adefa7837d02a07a604c1e6eff0b3a09422ab88d-refs/branch-heads/4692@{#1247}) on port 5476
Only local connections are allowed.
Please see https://chromedriver.chromium.org/security-considerations for suggestions on keeping ChromeDriver safe.
ChromeDriver was started successfully.
Jan 15, 2022 12:10:33 AM org.openqa.selenium.remote.ProtocolHandshake createSession
INFO: Detected dialect: W3C
]]></system-err>
  </testcase>
  <testcase name="User should be able to clear the cart" classname="This feature will verify the feature add-to-cart funcationality." time="23.207">
    <system-out><![CDATA[
@additemstocart @AllTest @clearCart
Scenario Outline: User should be able to clear the cart   # src/test/java/feature/Additemstothecart.feature:28
List of locations: 2
  Given User has launched the Swiggy application already  # featureDefinitions.Additemstothecart.user_has_launched_the_swiggy_application_already()
DEBUG: afterStep: ScrenShotFlag true

    Add Screenshot


    Embedding image [image/png 31763 bytes]

List of Resturants: 15
We are in finding food options, if 
Number of Food choices: 303
You are at the Demand high, condition
looking for optional
Positioned at Check Cart Value
Cart Value: 1
  When User add a product to the cart                     # featureDefinitions.Additemstothecart.user_add_a_product_to_the_cart()
DEBUG: afterStep: ScrenShotFlag true

    Add Screenshot


    Embedding image [image/png 167843 bytes]

Printing AddorRemove :::-> Add
I am in Add
  Then User clicks on plus 'Add' to increase the quantity # featureDefinitions.Additemstothecart.user_clicks_on_plus_to_increase_the_quantity(java.lang.String)
DEBUG: afterStep: ScrenShotFlag true

    Add Screenshot


    Embedding image [image/png 138021 bytes]

Printing AddorRemove :::-> Remove
I am in clear
Loop Element Value::3
Inside the loop
Inside the loop
Inside the loop
  And User clicks on 'Remove' to clear the cart           # featureDefinitions.Additemstothecart.user_clicks_on_to_clear_cart(java.lang.String)
DEBUG: afterStep: ScrenShotFlag true

    Add Screenshot


    Embedding image [image/png 57926 bytes]

]]></system-out>
    <system-err><![CDATA[Starting ChromeDriver 97.0.4692.71 (adefa7837d02a07a604c1e6eff0b3a09422ab88d-refs/branch-heads/4692@{#1247}) on port 42321
Only local connections are allowed.
Please see https://chromedriver.chromium.org/security-considerations for suggestions on keeping ChromeDriver safe.
ChromeDriver was started successfully.
Jan 15, 2022 12:10:56 AM org.openqa.selenium.remote.ProtocolHandshake createSession
INFO: Detected dialect: W3C
]]></system-err>
  </testcase>
  <testcase name="User will try search some food items #1" classname="User will be able to search some food items." time="12.584">
    <system-out><![CDATA[
@SearchItems @AllTest @PositiveTest
Scenario Outline: User will try search some food items                      # src/test/java/feature/SearchItems.feature:11
List of locations: 4
  Given User has already launched the Swiggy application                    # featureDefinitions.SearchItems.user_has_already_launched_the_swiggy_application()
DEBUG: afterStep: ScrenShotFlag true

    Add Screenshot


    Embedding image [image/png 28022 bytes]

search elements: 10
  When User enter 'Gulab jamun' in the search bar                           # featureDefinitions.SearchItems.user_enter_in_the_search_bar(java.lang.String)
DEBUG: afterStep: ScrenShotFlag true

    Add Screenshot


    Embedding image [image/png 19648 bytes]

List of the restaurants which serve Gulab jamun are :->  79
  Then Will confirm how many restaurants are having this item 'Gulab jamun' # featureDefinitions.SearchItems.will_confirm_how_many_restaurants_are_having_this_item_(java.lang.String)
DEBUG: afterStep: ScrenShotFlag true

    Add Screenshot


    Embedding image [image/png 39556 bytes]

]]></system-out>
    <system-err><![CDATA[Starting ChromeDriver 97.0.4692.71 (adefa7837d02a07a604c1e6eff0b3a09422ab88d-refs/branch-heads/4692@{#1247}) on port 15535
Only local connections are allowed.
Please see https://chromedriver.chromium.org/security-considerations for suggestions on keeping ChromeDriver safe.
ChromeDriver was started successfully.
Jan 15, 2022 12:11:19 AM org.openqa.selenium.remote.ProtocolHandshake createSession
INFO: Detected dialect: W3C
]]></system-err>
  </testcase>
  <testcase name="User will try search some food items #2" classname="User will be able to search some food items." time="11.165">
    <system-out><![CDATA[
@SearchItems @AllTest @PositiveTest
Scenario Outline: User will try search some food items                     # src/test/java/feature/SearchItems.feature:12
List of locations: 4
  Given User has already launched the Swiggy application                   # featureDefinitions.SearchItems.user_has_already_launched_the_swiggy_application()
DEBUG: afterStep: ScrenShotFlag true

    Add Screenshot


    Embedding image [image/png 31444 bytes]

search elements: 6
  When User enter 'Seek kabab' in the search bar                           # featureDefinitions.SearchItems.user_enter_in_the_search_bar(java.lang.String)
DEBUG: afterStep: ScrenShotFlag true

    Add Screenshot


    Embedding image [image/png 19428 bytes]

List of the restaurants which serve Seek kabab are :->  60
  Then Will confirm how many restaurants are having this item 'Seek kabab' # featureDefinitions.SearchItems.will_confirm_how_many_restaurants_are_having_this_item_(java.lang.String)
DEBUG: afterStep: ScrenShotFlag true

    Add Screenshot


    Embedding image [image/png 33312 bytes]

]]></system-out>
    <system-err><![CDATA[Starting ChromeDriver 97.0.4692.71 (adefa7837d02a07a604c1e6eff0b3a09422ab88d-refs/branch-heads/4692@{#1247}) on port 37441
Only local connections are allowed.
Please see https://chromedriver.chromium.org/security-considerations for suggestions on keeping ChromeDriver safe.
ChromeDriver was started successfully.
Jan 15, 2022 12:11:30 AM org.openqa.selenium.remote.ProtocolHandshake createSession
INFO: Detected dialect: W3C
]]></system-err>
  </testcase>
  <testcase name="User will try search some food items #3" classname="User will be able to search some food items." time="12.037">
    <system-out><![CDATA[
@SearchItems @AllTest @PositiveTest
Scenario Outline: User will try search some food items                  # src/test/java/feature/SearchItems.feature:13
List of locations: 4
  Given User has already launched the Swiggy application                # featureDefinitions.SearchItems.user_has_already_launched_the_swiggy_application()
DEBUG: afterStep: ScrenShotFlag true

    Add Screenshot


    Embedding image [image/png 32017 bytes]

search elements: 10
  When User enter 'Biryani' in the search bar                           # featureDefinitions.SearchItems.user_enter_in_the_search_bar(java.lang.String)
DEBUG: afterStep: ScrenShotFlag true

    Add Screenshot


    Embedding image [image/png 19137 bytes]

List of the restaurants which serve Biryani are :->  81
  Then Will confirm how many restaurants are having this item 'Biryani' # featureDefinitions.SearchItems.will_confirm_how_many_restaurants_are_having_this_item_(java.lang.String)
DEBUG: afterStep: ScrenShotFlag true

    Add Screenshot


    Embedding image [image/png 42250 bytes]

]]></system-out>
    <system-err><![CDATA[Starting ChromeDriver 97.0.4692.71 (adefa7837d02a07a604c1e6eff0b3a09422ab88d-refs/branch-heads/4692@{#1247}) on port 43129
Only local connections are allowed.
Please see https://chromedriver.chromium.org/security-considerations for suggestions on keeping ChromeDriver safe.
ChromeDriver was started successfully.
Jan 15, 2022 12:11:42 AM org.openqa.selenium.remote.ProtocolHandshake createSession
INFO: Detected dialect: W3C
]]></system-err>
  </testcase>
  <testcase name="Verify swiggy services are available at a certain pin code" classname="This feature will verify if swiggy services are available at certain pin codes" time="8.76">
    <error type="io.cucumber.junit.UndefinedStepException"><![CDATA[io.cucumber.junit.UndefinedStepException: 
The step "User should be able to see Products Page" is undefined. You can implement it using the snippet(s) below:

@Then("User should be able to see Products Page")
public void user_should_be_able_to_see_products_page() {
    // Write code here that turns the phrase above into concrete actions
    throw new io.cucumber.java.PendingException();
}

]]></error>
    <system-out><![CDATA[
@serviceavailability @AllTest @PositiveTest
Scenario Outline: Verify swiggy services are available at a certain pin code # src/test/java/feature/serviceavailability.feature:11
  Given User launchs the Swiggy application                                  # featureDefinitions.ServiceavailabilitySteps.user_launchs_the_swiggy_application()
DEBUG: afterStep: ScrenShotFlag true

    Add Screenshot


    Embedding image [image/png 339517 bytes]

List of locations: 2
  When User enters Pin code info '110017' and clicks the FindFood button     # featureDefinitions.ServiceavailabilitySteps.user_enters_pin_code_info_(java.lang.String)
DEBUG: afterStep: ScrenShotFlag true

    Add Screenshot


    Embedding image [image/png 32331 bytes]

  Then User should be able to see Products Page                              # null
DEBUG: afterStep: ScrenShotFlag true

    Add Screenshot


    Embedding image [image/png 32524 bytes]

]]></system-out>
    <system-err><![CDATA[Starting ChromeDriver 97.0.4692.71 (adefa7837d02a07a604c1e6eff0b3a09422ab88d-refs/branch-heads/4692@{#1247}) on port 3352
Only local connections are allowed.
Please see https://chromedriver.chromium.org/security-considerations for suggestions on keeping ChromeDriver safe.
ChromeDriver was started successfully.
Jan 15, 2022 12:11:55 AM org.openqa.selenium.remote.ProtocolHandshake createSession
INFO: Detected dialect: W3C
]]></system-err>
  </testcase>
  <testcase name="Verify swiggy services are available at a certain area name" classname="This feature will verify if swiggy services are available at certain pin codes" time="7.067">
    <error type="io.cucumber.junit.UndefinedStepException"><![CDATA[io.cucumber.junit.UndefinedStepException: 
The step "User should be able to see Products Page" is undefined. You can implement it using the snippet(s) below:

@Then("User should be able to see Products Page")
public void user_should_be_able_to_see_products_page() {
    // Write code here that turns the phrase above into concrete actions
    throw new io.cucumber.java.PendingException();
}

]]></error>
    <system-out><![CDATA[
@serviceavailability @AllTest @PositiveTest
Scenario Outline: Verify swiggy services are available at a certain area name    # src/test/java/feature/serviceavailability.feature:20
  Given User launchs the Swiggy application                                      # featureDefinitions.ServiceavailabilitySteps.user_launchs_the_swiggy_application()
DEBUG: afterStep: ScrenShotFlag true

    Add Screenshot


    Embedding image [image/png 339482 bytes]

List of locations: 4
  When User enters area/location name 'Old Delhi' and clicks the FindFood button # featureDefinitions.ServiceavailabilitySteps.user_enters_arealocation_name_(java.lang.String)
DEBUG: afterStep: ScrenShotFlag true

    Add Screenshot


    Embedding image [image/png 31092 bytes]

  Then User should be able to see Products Page                                  # null
DEBUG: afterStep: ScrenShotFlag true

    Add Screenshot


    Embedding image [image/png 29201 bytes]

]]></system-out>
    <system-err><![CDATA[Starting ChromeDriver 97.0.4692.71 (adefa7837d02a07a604c1e6eff0b3a09422ab88d-refs/branch-heads/4692@{#1247}) on port 30498
Only local connections are allowed.
Please see https://chromedriver.chromium.org/security-considerations for suggestions on keeping ChromeDriver safe.
ChromeDriver was started successfully.
Jan 15, 2022 12:12:02 AM org.openqa.selenium.remote.ProtocolHandshake createSession
INFO: Detected dialect: W3C
]]></system-err>
  </testcase>
  <testcase name="Verify swiggy services are available at a certain pin code which is not servicable yet #1" classname="This feature will verify if swiggy services are available at certain pin codes" time="12.411">
    <error type="io.cucumber.junit.UndefinedStepException"><![CDATA[io.cucumber.junit.UndefinedStepException: 
The step "User should not be able to see Products Page" is undefined. You can implement it using the snippet(s) below:

@Then("User should not be able to see Products Page")
public void user_should_not_be_able_to_see_products_page() {
    // Write code here that turns the phrase above into concrete actions
    throw new io.cucumber.java.PendingException();
}

]]></error>
    <system-out><![CDATA[
@serviceavailability @AllTest @NegativeTest
Scenario Outline: Verify swiggy services are available at a certain pin code which is not servicable yet # src/test/java/feature/serviceavailability.feature:30
  Given User launchs the Swiggy application                                                              # featureDefinitions.ServiceavailabilitySteps.user_launchs_the_swiggy_application()
DEBUG: afterStep: ScrenShotFlag true

    Add Screenshot


    Embedding image [image/png 339517 bytes]

List of locations: 0
ERROR: Not able to access Shopping Cart
  When User enters Pin code info '190020' and clicks the FindFood button                                 # featureDefinitions.ServiceavailabilitySteps.user_enters_pin_code_info_(java.lang.String)
DEBUG: afterStep: ScrenShotFlag true

    Add Screenshot


    Embedding image [image/png 346001 bytes]

  Then User should not be able to see Products Page                                                      # null
DEBUG: afterStep: ScrenShotFlag true

    Add Screenshot


    Embedding image [image/png 346001 bytes]

]]></system-out>
    <system-err><![CDATA[Starting ChromeDriver 97.0.4692.71 (adefa7837d02a07a604c1e6eff0b3a09422ab88d-refs/branch-heads/4692@{#1247}) on port 41537
Only local connections are allowed.
Please see https://chromedriver.chromium.org/security-considerations for suggestions on keeping ChromeDriver safe.
ChromeDriver was started successfully.
Jan 15, 2022 12:12:09 AM org.openqa.selenium.remote.ProtocolHandshake createSession
INFO: Detected dialect: W3C
]]></system-err>
  </testcase>
  <testcase name="Verify swiggy services are available at a certain pin code which is not servicable yet #2" classname="This feature will verify if swiggy services are available at certain pin codes" time="11.389">
    <error type="io.cucumber.junit.UndefinedStepException"><![CDATA[io.cucumber.junit.UndefinedStepException: 
The step "User should not be able to see Products Page" is undefined. You can implement it using the snippet(s) below:

@Then("User should not be able to see Products Page")
public void user_should_not_be_able_to_see_products_page() {
    // Write code here that turns the phrase above into concrete actions
    throw new io.cucumber.java.PendingException();
}

]]></error>
    <system-out><![CDATA[
@serviceavailability @AllTest @NegativeTest
Scenario Outline: Verify swiggy services are available at a certain pin code which is not servicable yet # src/test/java/feature/serviceavailability.feature:39
  Given User launchs the Swiggy application                                                              # featureDefinitions.ServiceavailabilitySteps.user_launchs_the_swiggy_application()
DEBUG: afterStep: ScrenShotFlag true

    Add Screenshot


    Embedding image [image/png 339482 bytes]

List of locations: 4
ERROR: Not able to access Shopping Cart
  When User enters area/location name 'Srinagar' and clicks the FindFood button                          # featureDefinitions.ServiceavailabilitySteps.user_enters_arealocation_name_(java.lang.String)
DEBUG: afterStep: ScrenShotFlag true

    Add Screenshot


    Embedding image [image/png 345709 bytes]

  Then User should not be able to see Products Page                                                      # null
DEBUG: afterStep: ScrenShotFlag true

    Add Screenshot


    Embedding image [image/png 345709 bytes]

]]></system-out>
    <system-err><![CDATA[Starting ChromeDriver 97.0.4692.71 (adefa7837d02a07a604c1e6eff0b3a09422ab88d-refs/branch-heads/4692@{#1247}) on port 47705
Only local connections are allowed.
Please see https://chromedriver.chromium.org/security-considerations for suggestions on keeping ChromeDriver safe.
ChromeDriver was started successfully.
Jan 15, 2022 12:12:22 AM org.openqa.selenium.remote.ProtocolHandshake createSession
INFO: Detected dialect: W3C
]]></system-err>
  </testcase>
</testsuite>